old/hn-jcy/proguard/seeds.txt
com.baidu.platform.comapi.map.q
com.baidu.platform.comapi.map.q: java.lang.String l
com.baidu.platform.comapi.map.q: boolean m
com.baidu.platform.comapi.map.q: boolean n
com.baidu.platform.comapi.map.q: com.baidu.platform.comapi.map.o o
com.baidu.platform.comapi.map.q: com.baidu.platform.comapi.map.w a
com.baidu.platform.comapi.map.q: com.baidu.platform.comapi.map.e b
com.baidu.platform.comapi.map.q: int p
com.baidu.platform.comapi.map.q: com.baidu.platform.comapi.map.MapRenderer c
com.baidu.platform.comapi.map.q: int d
com.baidu.platform.comapi.map.q: com.baidu.platform.comapi.map.u e
com.baidu.platform.comapi.map.q: com.baidu.platform.comapi.map.a f
com.baidu.platform.comapi.map.q: com.baidu.platform.comapi.map.c g
com.baidu.platform.comapi.map.q: com.baidu.platform.comapi.map.z h
com.baidu.platform.comapi.map.q: android.view.GestureDetector i
com.baidu.platform.comapi.map.q: java.util.List j
com.baidu.platform.comapi.map.q: com.baidu.platform.comapi.map.q$a q
com.baidu.platform.comapi.map.q: int r
com.baidu.platform.comapi.map.q: int s
com.baidu.platform.comapi.map.q: boolean k
com.baidu.platform.comapi.map.q: q(android.content.Context)
com.baidu.platform.comapi.map.q: void a(android.os.Bundle,android.content.Context)
com.baidu.platform.comapi.map.q: int a(java.lang.String)
com.baidu.platform.comapi.map.q: void a(int,com.baidu.platform.comapi.map.d)
com.baidu.platform.comapi.map.q: void a(int)
com.baidu.platform.comapi.map.q: void i()
com.baidu.platform.comapi.map.q$a
com.baidu.platform.comapi.map.q$a: void a(java.lang.Object)
com.baidu.platform.comapi.map.q$a: void b(java.lang.Object)
com.baidu.platform.comapi.map.r
com.baidu.platform.comapi.map.r: java.lang.String a
com.baidu.platform.comapi.map.r: int b
com.baidu.platform.comapi.map.r: java.lang.String c
com.baidu.platform.comapi.map.r: com.baidu.platform.comapi.basestruct.GeoPoint d
com.baidu.platform.comapi.map.r: int e
com.baidu.platform.comapi.map.r: int f
com.baidu.platform.comapi.map.r: r()
com.baidu.platform.comapi.map.s
com.baidu.platform.comapi.map.s: com.baidu.platform.comapi.map.q$a a
com.baidu.platform.comapi.map.s: s()
com.baidu.platform.comapi.map.s: void a(com.baidu.platform.comapi.map.q$a)
com.baidu.platform.comapi.map.s: boolean add(java.lang.Object)
com.baidu.platform.comapi.map.s: boolean addAll(java.util.Collection)
com.baidu.platform.comapi.map.s: boolean remove(java.lang.Object)
com.baidu.platform.comapi.map.s: java.lang.Object remove(int)
com.baidu.platform.comapi.map.s: boolean removeAll(java.util.Collection)
com.baidu.platform.comapi.map.s: boolean retainAll(java.util.Collection)
com.baidu.platform.comapi.map.s: void clear()
com.baidu.platform.comapi.map.t
com.baidu.platform.comapi.map.t: float a
com.baidu.platform.comapi.map.t: int b
com.baidu.platform.comapi.map.t: int c
com.baidu.platform.comapi.map.t: int d
com.baidu.platform.comapi.map.t: int e
com.baidu.platform.comapi.map.t: com.baidu.platform.comapi.map.t$b f
com.baidu.platform.comapi.map.t: com.baidu.platform.comapi.map.t$a g
com.baidu.platform.comapi.map.t: long h
com.baidu.platform.comapi.map.t: long i
com.baidu.platform.comapi.map.t: boolean j
com.baidu.platform.comapi.map.t: int hashCode()
com.baidu.platform.comapi.map.t: boolean equals(java.lang.Object)
com.baidu.platform.comapi.map.t: t()