old/hn-jcy/proguard/mapping.txt
com.yifeng.qzt.widget.AuthLogin$1 -> com.yifeng.qzt.widget.b:
    com.yifeng.qzt.widget.AuthLogin this$0 -> a
    void run() -> run
com.yifeng.qzt.widget.CircleFlowIndicator -> com.yifeng.qzt.widget.CircleFlowIndicator:
    float radius -> b
    float circleSeparation -> c
    float activeRadius -> d
    int fadeOutTime -> e
    android.graphics.Paint mPaintInactive -> f
    android.graphics.Paint mPaintActive -> g
    com.yifeng.qzt.widget.ViewFlow viewFlow -> h
    int currentScroll -> i
    int flowWidth -> j
    com.yifeng.qzt.widget.CircleFlowIndicator$FadeTimer timer -> k
    android.view.animation.Animation$AnimationListener animationListener -> a
    android.view.animation.Animation animation -> l
    boolean mCentered -> m
    void initColors(int,int,int,int) -> a
    void onDraw(android.graphics.Canvas) -> onDraw
    void setViewFlow(com.yifeng.qzt.widget.ViewFlow) -> a
    void onScrolled$3b4dfe4b(int) -> a
    void onMeasure(int,int) -> onMeasure
    void resetTimer() -> a
    void onAnimationEnd(android.view.animation.Animation) -> onAnimationEnd
    void onAnimationRepeat(android.view.animation.Animation) -> onAnimationRepeat
    void onAnimationStart(android.view.animation.Animation) -> onAnimationStart
    int access$0(com.yifeng.qzt.widget.CircleFlowIndicator) -> a
    void access$1(com.yifeng.qzt.widget.CircleFlowIndicator,android.view.animation.Animation) -> a
    android.view.animation.Animation access$2(com.yifeng.qzt.widget.CircleFlowIndicator) -> b
com.yifeng.qzt.widget.CircleFlowIndicator$FadeTimer -> com.yifeng.qzt.widget.c:
    int timer -> b
    boolean _run -> c
    com.yifeng.qzt.widget.CircleFlowIndicator this$0 -> a
    void resetTimer() -> a
    java.lang.Void doInBackground$10299ca() -> b
    void onPostExecute(java.lang.Object) -> onPostExecute
    java.lang.Object doInBackground(java.lang.Object[]) -> doInBackground
    boolean access$2(com.yifeng.qzt.widget.CircleFlowIndicator$FadeTimer) -> a
com.yifeng.qzt.widget.FlowIndicator -> com.yifeng.qzt.widget.d:
    void setViewFlow(com.yifeng.qzt.widget.ViewFlow) -> a
    void onScrolled$3b4dfe4b(int) -> a
com.yifeng.qzt.widget.ViewFlow -> com.yifeng.qzt.widget.ViewFlow:
    java.util.LinkedList mLoadedViews -> d
    int mCurrentBufferIndex -> e
    int mCurrentAdapterIndex -> a
    boolean isSendHandler -> b
    int mSideBuffer -> f
    android.widget.Scroller mScroller -> g
    android.view.VelocityTracker mVelocityTracker -> h
    int mTouchState -> i
    float mLastMotionX -> j
    int mTouchSlop -> k
    int mMaximumVelocity -> l
    int mCurrentScreen -> m
    int mNextScreen -> n
    boolean mFirstLayout -> o
    com.yifeng.qzt.widget.ViewFlow$ViewSwitchListener mViewSwitchListener -> p
    android.widget.Adapter mAdapter -> q
    int mLastScrollDirection -> r
    com.yifeng.qzt.widget.ViewFlow$AdapterDataSetObserver mDataSetObserver -> s
    com.yifeng.qzt.widget.FlowIndicator mIndicator -> t
    int mLastOrientation -> u
    android.os.Handler handler -> v
    android.os.Handler sendHandler -> c
    long timeSpan -> w
    android.view.ViewTreeObserver$OnGlobalLayoutListener orientationChangeListener -> x
    void init() -> b
    int getViewsCount() -> a
    void onMeasure(int,int) -> onMeasure
    void onLayout(boolean,int,int,int,int) -> onLayout
    boolean onInterceptTouchEvent(android.view.MotionEvent) -> onInterceptTouchEvent
    boolean onTouchEvent(android.view.MotionEvent) -> onTouchEvent
    void onScrollChanged(int,int,int,int) -> onScrollChanged
    void snapToDestination() -> c
    void snapToScreen(int) -> a
    void computeScroll() -> computeScroll
com.yifeng.qzt.widget.ViewFlow$1 -> com.yifeng.qzt.widget.e:
    com.yifeng.qzt.widget.ViewFlow this$0 -> a
    void onGlobalLayout() -> onGlobalLayout
com.yifeng.qzt.widget.ViewFlow$AdapterDataSetObserver -> com.yifeng.qzt.widget.f:
    com.yifeng.qzt.widget.ViewFlow this$0 -> a
    void onChanged() -> onChanged
    void onInvalidated() -> onInvalidated